Determining if the pthread_create exist failed with the following output:
Change Dir: /home/bon2die/rov_simul/build/rov_description/CMakeFiles/CMakeTmp

Run Build Command:"/usr/bin/make" "cmTC_f014f/fast"
/usr/bin/make -f CMakeFiles/cmTC_f014f.dir/build.make CMakeFiles/cmTC_f014f.dir/build
make[1]: Entering directory '/home/bon2die/rov_simul/build/rov_description/CMakeFiles/CMakeTmp'
Building C object CMakeFiles/cmTC_f014f.dir/CheckSymbolExists.c.o
/usr/bin/cc     -o CMakeFiles/cmTC_f014f.dir/CheckSymbolExists.c.o   -c /home/bon2die/rov_simul/build/rov_description/CMakeFiles/CMakeTmp/CheckSymbolExists.c
Linking C executable cmTC_f014f
/usr/bin/cmake -E cmake_link_script CMakeFiles/cmTC_f014f.dir/link.txt --verbose=1
/usr/bin/cc       CMakeFiles/cmTC_f014f.dir/CheckSymbolExists.c.o  -o cmTC_f014f -rdynamic 
CMakeFiles/cmTC_f014f.dir/CheckSymbolExists.c.o: In function `main':
CheckSymbolExists.c:(.text+0x16): undefined reference to `pthread_create'
collect2: error: ld returned 1 exit status
CMakeFiles/cmTC_f014f.dir/build.make:97: recipe for target 'cmTC_f014f' failed
make[1]: *** [cmTC_f014f] Error 1
make[1]: Leaving directory '/home/bon2die/rov_simul/build/rov_description/CMakeFiles/CMakeTmp'
Makefile:126: recipe for target 'cmTC_f014f/fast' failed
make: *** [cmTC_f014f/fast] Error 2

File /home/bon2die/rov_simul/build/rov_description/CMakeFiles/CMakeTmp/CheckSymbolExists.c:
/* */
#include <pthread.h>

int main(int argc, char** argv)
{
  (void)argv;
#ifndef pthread_create
  return ((int*)(&pthread_create))[argc];
#else
  (void)argc;
  return 0;
#endif
}

Determining if the function pthread_create exists in the pthreads failed with the following output:
Change Dir: /home/bon2die/rov_simul/build/rov_description/CMakeFiles/CMakeTmp

Run Build Command:"/usr/bin/make" "cmTC_c661e/fast"
/usr/bin/make -f CMakeFiles/cmTC_c661e.dir/build.make CMakeFiles/cmTC_c661e.dir/build
make[1]: Entering directory '/home/bon2die/rov_simul/build/rov_description/CMakeFiles/CMakeTmp'
Building C object CMakeFiles/cmTC_c661e.dir/CheckFunctionExists.c.o
/usr/bin/cc    -DCHECK_FUNCTION_EXISTS=pthread_create   -o CMakeFiles/cmTC_c661e.dir/CheckFunctionExists.c.o   -c /usr/share/cmake-3.5/Modules/CheckFunctionExists.c
Linking C executable cmTC_c661e
/usr/bin/cmake -E cmake_link_script CMakeFiles/cmTC_c661e.dir/link.txt --verbose=1
/usr/bin/cc   -DCHECK_FUNCTION_EXISTS=pthread_create    CMakeFiles/cmTC_c661e.dir/CheckFunctionExists.c.o  -o cmTC_c661e -rdynamic -lpthreads 
/usr/bin/ld: cannot find -lpthreads
collect2: error: ld returned 1 exit status
CMakeFiles/cmTC_c661e.dir/build.make:97: recipe for target 'cmTC_c661e' failed
make[1]: *** [cmTC_c661e] Error 1
make[1]: Leaving directory '/home/bon2die/rov_simul/build/rov_description/CMakeFiles/CMakeTmp'
Makefile:126: recipe for target 'cmTC_c661e/fast' failed
make: *** [cmTC_c661e/fast] Error 2


